<?xml version="1.0" encoding="UTF-8" ?>
<testsuite tests="1" failures="0" name="cn.test.TestMybatis03" time="0.01" errors="1" skipped="0">
  <properties>
    <property name="java.runtime.name" value="Java(TM) SE Runtime Environment"/>
    <property name="sun.boot.library.path" value="D:\JAVA\Environment\jdk1.8.0_91\jre\bin"/>
    <property name="java.vm.version" value="25.91-b15"/>
    <property name="java.vm.vendor" value="Oracle Corporation"/>
    <property name="maven.multiModuleProjectDirectory" value="D:\JAVA\Workspaces\workspace_sts\sbt"/>
    <property name="java.vendor.url" value="http://java.oracle.com/"/>
    <property name="path.separator" value=";"/>
    <property name="guice.disable.misplaced.annotation.check" value="true"/>
    <property name="java.vm.name" value="Java HotSpot(TM) Client VM"/>
    <property name="file.encoding.pkg" value="sun.io"/>
    <property name="user.script" value=""/>
    <property name="user.country" value="CN"/>
    <property name="sun.java.launcher" value="SUN_STANDARD"/>
    <property name="sun.os.patch.level" value=""/>
    <property name="java.vm.specification.name" value="Java Virtual Machine Specification"/>
    <property name="user.dir" value="D:\JAVA\Workspaces\workspace_sts\sbt"/>
    <property name="java.runtime.version" value="1.8.0_91-b15"/>
    <property name="java.awt.graphicsenv" value="sun.awt.Win32GraphicsEnvironment"/>
    <property name="java.endorsed.dirs" value="D:\JAVA\Environment\jdk1.8.0_91\jre\lib\endorsed"/>
    <property name="os.arch" value="x86"/>
    <property name="java.io.tmpdir" value="C:\Users\ADMINI~1\AppData\Local\Temp\"/>
    <property name="line.separator" value="
"/>
    <property name="java.vm.specification.vendor" value="Oracle Corporation"/>
    <property name="user.variant" value=""/>
    <property name="os.name" value="Windows 7"/>
    <property name="classworlds.conf" value="D:\JAVA\Workspaces\workspace_sts\.metadata\.plugins\org.eclipse.m2e.launching\launches\m2conf2582901051150966704.tmp"/>
    <property name="sun.jnu.encoding" value="GBK"/>
    <property name="java.library.path" value="D:\JAVA\Environment\jdk1.8.0_91\bin;C:\Windows\Sun\Java\bin;C:\Windows\system32;C:\Windows;D:/JAVA/Environment/jdk1.8.0_91/bin/../jre/bin/client;D:/JAVA/Environment/jdk1.8.0_91/bin/../jre/bin;D:/JAVA/Environment/jdk1.8.0_91/bin/../jre/lib/i386;C:\Windows\system32;C:\Windows;C:\Windows\System32\Wbem;C:\Windows\System32\WindowsPowerShell\v1.0\;C:\Program Files\AMD\ATI.ACE\Core-Static;;D:\Install\Develop\nodejs\;D:\JAVA\Environment\jdk1.8.0_91\bin;D:\JAVA\Environment\maven\apache-maven-3.3.9\bin;C:\Users\Administrator\AppData\Roaming\npm;D:\JAVA\Tools\spring-tool-suite-3.8.1.RELEASE-e4.6-win32\sts-bundle\sts-3.8.1.RELEASE;;."/>
    <property name="java.specification.name" value="Java Platform API Specification"/>
    <property name="java.class.version" value="52.0"/>
    <property name="sun.management.compiler" value="HotSpot Client Compiler"/>
    <property name="os.version" value="6.1"/>
    <property name="user.home" value="C:\Users\Administrator"/>
    <property name="user.timezone" value="Asia/Shanghai"/>
    <property name="java.awt.printerjob" value="sun.awt.windows.WPrinterJob"/>
    <property name="java.specification.version" value="1.8"/>
    <property name="file.encoding" value="UTF-8"/>
    <property name="user.name" value="Mr.x"/>
    <property name="java.class.path" value="D:\JAVA\Environment\maven\apache-maven-3.3.9\boot\plexus-classworlds-2.5.2.jar"/>
    <property name="java.vm.specification.version" value="1.8"/>
    <property name="sun.arch.data.model" value="32"/>
    <property name="java.home" value="D:\JAVA\Environment\jdk1.8.0_91\jre"/>
    <property name="sun.java.command" value="org.codehaus.plexus.classworlds.launcher.Launcher -B -s D:\JAVA\Environment\maven\repository\settings.xml test"/>
    <property name="java.specification.vendor" value="Oracle Corporation"/>
    <property name="user.language" value="zh"/>
    <property name="awt.toolkit" value="sun.awt.windows.WToolkit"/>
    <property name="java.vm.info" value="mixed mode"/>
    <property name="java.version" value="1.8.0_91"/>
    <property name="java.ext.dirs" value="D:\JAVA\Environment\jdk1.8.0_91\jre\lib\ext;C:\Windows\Sun\Java\lib\ext"/>
    <property name="sun.boot.class.path" value="D:\JAVA\Environment\jdk1.8.0_91\jre\lib\resources.jar;D:\JAVA\Environment\jdk1.8.0_91\jre\lib\rt.jar;D:\JAVA\Environment\jdk1.8.0_91\jre\lib\sunrsasign.jar;D:\JAVA\Environment\jdk1.8.0_91\jre\lib\jsse.jar;D:\JAVA\Environment\jdk1.8.0_91\jre\lib\jce.jar;D:\JAVA\Environment\jdk1.8.0_91\jre\lib\charsets.jar;D:\JAVA\Environment\jdk1.8.0_91\jre\lib\jfr.jar;D:\JAVA\Environment\jdk1.8.0_91\jre\classes"/>
    <property name="java.vendor" value="Oracle Corporation"/>
    <property name="maven.home" value="D:\JAVA\Environment\maven\apache-maven-3.3.9"/>
    <property name="file.separator" value="\"/>
    <property name="java.vendor.url.bug" value="http://bugreport.sun.com/bugreport/"/>
    <property name="sun.cpu.endian" value="little"/>
    <property name="sun.io.unicode.encoding" value="UnicodeLittle"/>
    <property name="sun.desktop" value="windows"/>
    <property name="sun.cpu.isalist" value=""/>
  </properties>
  <testcase classname="cn.test.TestMybatis03" name="test1" time="0.01">
    <error message="Invalid bound statement (not found): cn.mrx.mapper.UserMapper.selectByPrimaryKey" type="org.apache.ibatis.binding.BindingException">org.apache.ibatis.binding.BindingException: Invalid bound statement (not found): cn.mrx.mapper.UserMapper.selectByPrimaryKey
	at org.apache.ibatis.binding.MapperMethod$SqlCommand.&lt;init&gt;(MapperMethod.java:223)
	at org.apache.ibatis.binding.MapperMethod.&lt;init&gt;(MapperMethod.java:48)
	at org.apache.ibatis.binding.MapperProxy.cachedMapperMethod(MapperProxy.java:59)
	at org.apache.ibatis.binding.MapperProxy.invoke(MapperProxy.java:52)
	at com.sun.proxy.$Proxy21.selectByPrimaryKey(Unknown Source)
	at cn.mrx.service.impl.UserServiceImpl.getUser(UserServiceImpl.java:32)
	at cn.test.TestMybatis03.test1(TestMybatis03.java:22)
	at sun.reflect.NativeMethodAccessorImpl.invoke0(Native Method)
	at sun.reflect.NativeMethodAccessorImpl.invoke(NativeMethodAccessorImpl.java:62)
	at sun.reflect.DelegatingMethodAccessorImpl.invoke(DelegatingMethodAccessorImpl.java:43)
	at java.lang.reflect.Method.invoke(Method.java:498)
	at org.junit.runners.model.FrameworkMethod$1.runReflectiveCall(FrameworkMethod.java:50)
	at org.junit.internal.runners.model.ReflectiveCallable.run(ReflectiveCallable.java:12)
	at org.junit.runners.model.FrameworkMethod.invokeExplosively(FrameworkMethod.java:47)
	at org.junit.internal.runners.statements.InvokeMethod.evaluate(InvokeMethod.java:17)
	at org.springframework.test.context.junit4.statements.RunBeforeTestMethodCallbacks.evaluate(RunBeforeTestMethodCallbacks.java:75)
	at org.springframework.test.context.junit4.statements.RunAfterTestMethodCallbacks.evaluate(RunAfterTestMethodCallbacks.java:86)
	at org.springframework.test.context.junit4.statements.SpringRepeat.evaluate(SpringRepeat.java:84)
	at org.junit.runners.ParentRunner.runLeaf(ParentRunner.java:325)
	at org.springframework.test.context.junit4.SpringJUnit4ClassRunner.runChild(SpringJUnit4ClassRunner.java:252)
	at org.springframework.test.context.junit4.SpringJUnit4ClassRunner.runChild(SpringJUnit4ClassRunner.java:94)
	at org.junit.runners.ParentRunner$3.run(ParentRunner.java:290)
	at org.junit.runners.ParentRunner$1.schedule(ParentRunner.java:71)
	at org.junit.runners.ParentRunner.runChildren(ParentRunner.java:288)
	at org.junit.runners.ParentRunner.access$000(ParentRunner.java:58)
	at org.junit.runners.ParentRunner$2.evaluate(ParentRunner.java:268)
	at org.springframework.test.context.junit4.statements.RunBeforeTestClassCallbacks.evaluate(RunBeforeTestClassCallbacks.java:61)
	at org.springframework.test.context.junit4.statements.RunAfterTestClassCallbacks.evaluate(RunAfterTestClassCallbacks.java:70)
	at org.junit.runners.ParentRunner.run(ParentRunner.java:363)
	at org.springframework.test.context.junit4.SpringJUnit4ClassRunner.run(SpringJUnit4ClassRunner.java:191)
	at org.apache.maven.surefire.junit4.JUnit4Provider.execute(JUnit4Provider.java:252)
	at org.apache.maven.surefire.junit4.JUnit4Provider.executeTestSet(JUnit4Provider.java:141)
	at org.apache.maven.surefire.junit4.JUnit4Provider.invoke(JUnit4Provider.java:112)
	at sun.reflect.NativeMethodAccessorImpl.invoke0(Native Method)
	at sun.reflect.NativeMethodAccessorImpl.invoke(NativeMethodAccessorImpl.java:62)
	at sun.reflect.DelegatingMethodAccessorImpl.invoke(DelegatingMethodAccessorImpl.java:43)
	at java.lang.reflect.Method.invoke(Method.java:498)
	at org.apache.maven.surefire.util.ReflectionUtils.invokeMethodWithArray(ReflectionUtils.java:189)
	at org.apache.maven.surefire.booter.ProviderFactory$ProviderProxy.invoke(ProviderFactory.java:165)
	at org.apache.maven.surefire.booter.ProviderFactory.invokeProvider(ProviderFactory.java:85)
	at org.apache.maven.surefire.booter.ForkedBooter.runSuitesInProcess(ForkedBooter.java:115)
	at org.apache.maven.surefire.booter.ForkedBooter.main(ForkedBooter.java:75)
</error>
    <system-out>DEBUG [main] - SpringJUnit4ClassRunner constructor called with [class cn.test.TestMybatis03]
DEBUG [main] - Instantiating CacheAwareContextLoaderDelegate from class [org.springframework.test.context.cache.DefaultCacheAwareContextLoaderDelegate]
DEBUG [main] - Instantiating BootstrapContext using constructor [public org.springframework.test.context.support.DefaultBootstrapContext(java.lang.Class,org.springframework.test.context.CacheAwareContextLoaderDelegate)]
DEBUG [main] - Instantiating TestContextBootstrapper for test class [cn.test.TestMybatis03] from class [org.springframework.test.context.support.DefaultTestContextBootstrapper]
DEBUG [main] - Delegating to GenericXmlContextLoader to process context configuration [ContextConfigurationAttributes@110d5b6 declaringClass = &apos;cn.test.TestMybatis03&apos;, classes = &apos;{}&apos;, locations = &apos;{classpath:applicationContext-service.xml, classpath:applicationContext-dao.xml}&apos;, inheritLocations = true, initializers = &apos;{}&apos;, inheritInitializers = true, name = [null], contextLoaderClass = &apos;org.springframework.test.context.ContextLoader&apos;].
DEBUG [main] - Could not find an &apos;annotation declaring class&apos; for annotation type [org.springframework.test.context.ActiveProfiles] and class [cn.test.TestMybatis03]
DEBUG [main] - @TestExecutionListeners is not present for class [cn.test.TestMybatis03]: using defaults.
 INFO [main] - Loaded default TestExecutionListener class names from location [META-INF/spring.factories]: [org.springframework.test.context.web.ServletTestExecutionListener, org.springframework.test.context.support.DirtiesContextBeforeModesTestExecutionListener, org.springframework.test.context.support.DependencyInjectionTestExecutionListener, org.springframework.test.context.support.DirtiesContextTestExecutionListener, org.springframework.test.context.transaction.TransactionalTestExecutionListener, org.springframework.test.context.jdbc.SqlScriptsTestExecutionListener]
 INFO [main] - Using TestExecutionListeners: [org.springframework.test.context.web.ServletTestExecutionListener@10378a4, org.springframework.test.context.support.DirtiesContextBeforeModesTestExecutionListener@f00693, org.springframework.test.context.support.DependencyInjectionTestExecutionListener@1207381, org.springframework.test.context.support.DirtiesContextTestExecutionListener@91b9b8, org.springframework.test.context.transaction.TransactionalTestExecutionListener@4927d6, org.springframework.test.context.jdbc.SqlScriptsTestExecutionListener@6d7e92]
DEBUG [main] - Retrieved @ProfileValueSourceConfiguration [null] for test class [cn.test.TestMybatis03]
DEBUG [main] - Retrieved ProfileValueSource type [class org.springframework.test.annotation.SystemProfileValueSource] for class [cn.test.TestMybatis03]
DEBUG [main] - Retrieved @ProfileValueSourceConfiguration [null] for test class [cn.test.TestMybatis03]
DEBUG [main] - Retrieved ProfileValueSource type [class org.springframework.test.annotation.SystemProfileValueSource] for class [cn.test.TestMybatis03]
DEBUG [main] - Before test class: context [DefaultTestContext@10ab13f testClass = TestMybatis03, testInstance = [null], testMethod = [null], testException = [null], mergedContextConfiguration = [MergedContextConfiguration@b2475a testClass = TestMybatis03, locations = &apos;{classpath:applicationContext-service.xml, classpath:applicationContext-dao.xml}&apos;, classes = &apos;{}&apos;, contextInitializerClasses = &apos;[]&apos;, activeProfiles = &apos;{}&apos;, propertySourceLocations = &apos;{}&apos;, propertySourceProperties = &apos;{}&apos;, contextCustomizers = set[[empty]], contextLoader = &apos;org.springframework.test.context.support.DelegatingSmartContextLoader&apos;, parent = [null]]], class annotated with @DirtiesContext [false] with mode [null].
DEBUG [main] - Retrieved @ProfileValueSourceConfiguration [null] for test class [cn.test.TestMybatis03]
DEBUG [main] - Retrieved ProfileValueSource type [class org.springframework.test.annotation.SystemProfileValueSource] for class [cn.test.TestMybatis03]
DEBUG [main] - Performing dependency injection for test context [[DefaultTestContext@10ab13f testClass = TestMybatis03, testInstance = cn.test.TestMybatis03@10f2942, testMethod = [null], testException = [null], mergedContextConfiguration = [MergedContextConfiguration@b2475a testClass = TestMybatis03, locations = &apos;{classpath:applicationContext-service.xml, classpath:applicationContext-dao.xml}&apos;, classes = &apos;{}&apos;, contextInitializerClasses = &apos;[]&apos;, activeProfiles = &apos;{}&apos;, propertySourceLocations = &apos;{}&apos;, propertySourceProperties = &apos;{}&apos;, contextCustomizers = set[[empty]], contextLoader = &apos;org.springframework.test.context.support.DelegatingSmartContextLoader&apos;, parent = [null]]]].
DEBUG [main] - Delegating to GenericXmlContextLoader to load context from [MergedContextConfiguration@b2475a testClass = TestMybatis03, locations = &apos;{classpath:applicationContext-service.xml, classpath:applicationContext-dao.xml}&apos;, classes = &apos;{}&apos;, contextInitializerClasses = &apos;[]&apos;, activeProfiles = &apos;{}&apos;, propertySourceLocations = &apos;{}&apos;, propertySourceProperties = &apos;{}&apos;, contextCustomizers = set[[empty]], contextLoader = &apos;org.springframework.test.context.support.DelegatingSmartContextLoader&apos;, parent = [null]].
DEBUG [main] - Loading ApplicationContext for merged context configuration [[MergedContextConfiguration@b2475a testClass = TestMybatis03, locations = &apos;{classpath:applicationContext-service.xml, classpath:applicationContext-dao.xml}&apos;, classes = &apos;{}&apos;, contextInitializerClasses = &apos;[]&apos;, activeProfiles = &apos;{}&apos;, propertySourceLocations = &apos;{}&apos;, propertySourceProperties = &apos;{}&apos;, contextCustomizers = set[[empty]], contextLoader = &apos;org.springframework.test.context.support.DelegatingSmartContextLoader&apos;, parent = [null]]].
DEBUG [main] - Adding [systemProperties] PropertySource with lowest search precedence
DEBUG [main] - Adding [systemEnvironment] PropertySource with lowest search precedence
DEBUG [main] - Initialized StandardEnvironment with PropertySources [systemProperties,systemEnvironment]
 INFO [main] - Loading XML bean definitions from class path resource [applicationContext-service.xml]
DEBUG [main] - Using JAXP provider [com.sun.org.apache.xerces.internal.jaxp.DocumentBuilderFactoryImpl]
DEBUG [main] - Loading schema mappings from [META-INF/spring.schemas]
DEBUG [main] - Loaded schema mappings: {http://www.springframework.org/schema/tx/spring-tx-4.3.xsd=org/springframework/transaction/config/spring-tx-4.3.xsd, http://www.springframework.org/schema/tx/spring-tx-2.5.xsd=org/springframework/transaction/config/spring-tx-2.5.xsd, http://www.springframework.org/schema/cache/spring-cache-4.2.xsd=org/springframework/cache/config/spring-cache-4.2.xsd, http://www.springframework.org/schema/aop/spring-aop-4.1.xsd=org/springframework/aop/config/spring-aop-4.1.xsd, http://www.springframework.org/schema/context/spring-context-3.1.xsd=org/springframework/context/config/spring-context-3.1.xsd, http://www.springframework.org/schema/jdbc/spring-jdbc-4.1.xsd=org/springframework/jdbc/config/spring-jdbc-4.1.xsd, http://www.springframework.org/schema/util/spring-util-3.0.xsd=org/springframework/beans/factory/xml/spring-util-3.0.xsd, http://www.springframework.org/schema/mvc/spring-mvc-4.1.xsd=org/springframework/web/servlet/config/spring-mvc-4.1.xsd, http://mybatis.org/schema/mybatis-spring-1.2.xsd=org/mybatis/spring/config/mybatis-spring-1.2.xsd, http://www.springframework.org/schema/tool/spring-tool.xsd=org/springframework/beans/factory/xml/spring-tool-4.3.xsd, http://www.springframework.org/schema/aop/spring-aop-3.2.xsd=org/springframework/aop/config/spring-aop-3.2.xsd, http://www.springframework.org/schema/lang/spring-lang-4.1.xsd=org/springframework/scripting/config/spring-lang-4.1.xsd, http://www.springframework.org/schema/context/spring-context-4.0.xsd=org/springframework/context/config/spring-context-4.0.xsd, http://www.springframework.org/schema/mvc/spring-mvc-3.2.xsd=org/springframework/web/servlet/config/spring-mvc-3.2.xsd, http://www.springframework.org/schema/beans/spring-beans-4.2.xsd=org/springframework/beans/factory/xml/spring-beans-4.2.xsd, http://www.springframework.org/schema/tool/spring-tool-4.1.xsd=org/springframework/beans/factory/xml/spring-tool-4.1.xsd, http://www.springframework.org/schema/lang/spring-lang-3.2.xsd=org/springframework/scripting/config/spring-lang-3.2.xsd, http://www.springframework.org/schema/cache/spring-cache-3.2.xsd=org/springframework/cache/config/spring-cache-3.2.xsd, http://www.springframework.org/schema/jee/spring-jee-4.1.xsd=org/springframework/ejb/config/spring-jee-4.1.xsd, http://www.springframework.org/schema/jdbc/spring-jdbc-3.1.xsd=org/springframework/jdbc/config/spring-jdbc-3.1.xsd, http://www.springframework.org/schema/task/spring-task-4.2.xsd=org/springframework/scheduling/config/spring-task-4.2.xsd, http://www.springframework.org/schema/util/spring-util-2.0.xsd=org/springframework/beans/factory/xml/spring-util-2.0.xsd, http://www.springframework.org/schema/tool/spring-tool-3.2.xsd=org/springframework/beans/factory/xml/spring-tool-3.2.xsd, http://www.springframework.org/schema/context/spring-context.xsd=org/springframework/context/config/spring-context-4.3.xsd, http://www.springframework.org/schema/tx/spring-tx-4.2.xsd=org/springframework/transaction/config/spring-tx-4.2.xsd, http://www.springframework.org/schema/cache/spring-cache-4.1.xsd=org/springframework/cache/config/spring-cache-4.1.xsd, http://www.springframework.org/schema/aop/spring-aop-4.0.xsd=org/springframework/aop/config/spring-aop-4.0.xsd, http://www.springframework.org/schema/jee/spring-jee-3.2.xsd=org/springframework/ejb/config/spring-jee-3.2.xsd, http://www.springframework.org/schema/context/spring-context-3.0.xsd=org/springframework/context/config/spring-context-3.0.xsd, http://www.springframework.org/schema/jdbc/spring-jdbc-4.0.xsd=org/springframework/jdbc/config/spring-jdbc-4.0.xsd, http://www.springframework.org/schema/util/spring-util-2.5.xsd=org/springframework/beans/factory/xml/spring-util-2.5.xsd, http://www.springframework.org/schema/mvc/spring-mvc-4.0.xsd=org/springframework/web/servlet/config/spring-mvc-4.0.xsd, http://www.springframework.org/schema/util/spring-util-4.3.xsd=org/springframework/beans/factory/xml/spring-util-4.3.xsd, http://www.springframework.org/schema/beans/spring-beans-3.2.xsd=org/springframework/beans/factory/xml/spring-beans-3.2.xsd, http://www.springframework.org/schema/aop/spring-aop-3.1.xsd=org/springframework/aop/config/spring-aop-3.1.xsd, http://www.springframework.org/schema/lang/spring-lang-4.0.xsd=org/springframework/scripting/config/spring-lang-4.0.xsd, http://www.springframework.org/schema/mvc/spring-mvc.xsd=org/springframework/web/servlet/config/spring-mvc-4.3.xsd, http://www.springframework.org/schema/mvc/spring-mvc-3.1.xsd=org/springframework/web/servlet/config/spring-mvc-3.1.xsd, http://www.springframework.org/schema/beans/spring-beans-4.1.xsd=org/springframework/beans/factory/xml/spring-beans-4.1.xsd, http://www.springframework.org/schema/tool/spring-tool-4.0.xsd=org/springframework/beans/factory/xml/spring-tool-4.0.xsd, http://www.springframework.org/schema/tx/spring-tx-3.2.xsd=org/springframework/transaction/config/spring-tx-3.2.xsd, http://www.springframework.org/schema/lang/spring-lang-3.1.xsd=org/springframework/scripting/config/spring-lang-3.1.xsd, http://www.springframework.org/schema/cache/spring-cache-3.1.xsd=org/springframework/cache/config/spring-cache-3.1.xsd, http://www.springframework.org/schema/jee/spring-jee-4.0.xsd=org/springframework/ejb/config/spring-jee-4.0.xsd, http://www.springframework.org/schema/jdbc/spring-jdbc-3.0.xsd=org/springframework/jdbc/config/spring-jdbc-3.0.xsd, http://www.springframework.org/schema/task/spring-task-4.1.xsd=org/springframework/scheduling/config/spring-task-4.1.xsd, http://www.springframework.org/schema/jdbc/spring-jdbc.xsd=org/springframework/jdbc/config/spring-jdbc-4.3.xsd, http://www.springframework.org/schema/tool/spring-tool-3.1.xsd=org/springframework/beans/factory/xml/spring-tool-3.1.xsd, http://www.springframework.org/schema/tx/spring-tx-4.1.xsd=org/springframework/transaction/config/spring-tx-4.1.xsd, http://www.springframework.org/schema/cache/spring-cache-4.0.xsd=org/springframework/cache/config/spring-cache-4.0.xsd, http://www.springframework.org/schema/jee/spring-jee-3.1.xsd=org/springframework/ejb/config/spring-jee-3.1.xsd, http://www.springframework.org/schema/task/spring-task-3.2.xsd=org/springframework/scheduling/config/spring-task-3.2.xsd, http://www.springframework.org/schema/util/spring-util-4.2.xsd=org/springframework/beans/factory/xml/spring-util-4.2.xsd, http://www.springframework.org/schema/beans/spring-beans-3.1.xsd=org/springframework/beans/factory/xml/spring-beans-3.1.xsd, http://www.springframework.org/schema/util/spring-util.xsd=org/springframework/beans/factory/xml/spring-util-4.3.xsd, http://www.springframework.org/schema/aop/spring-aop-3.0.xsd=org/springframework/aop/config/spring-aop-3.0.xsd, http://www.springframework.org/schema/mvc/spring-mvc-3.0.xsd=org/springframework/web/servlet/config/spring-mvc-3.0.xsd, http://www.springframework.org/schema/beans/spring-beans-4.0.xsd=org/springframework/beans/factory/xml/spring-beans-4.0.xsd, http://www.springframework.org/schema/beans/spring-beans.xsd=org/springframework/beans/factory/xml/spring-beans-4.3.xsd, http://mybatis.org/schema/mybatis-spring.xsd=org/mybatis/spring/config/mybatis-spring-1.2.xsd, http://www.springframework.org/schema/tx/spring-tx-3.1.xsd=org/springframework/transaction/config/spring-tx-3.1.xsd, http://www.springframework.org/schema/lang/spring-lang-3.0.xsd=org/springframework/scripting/config/spring-lang-3.0.xsd, http://www.springframework.org/schema/context/spring-context-2.5.xsd=org/springframework/context/config/spring-context-2.5.xsd, http://www.springframework.org/schema/context/spring-context-4.3.xsd=org/springframework/context/config/spring-context-4.3.xsd, http://www.springframework.org/schema/task/spring-task-4.0.xsd=org/springframework/scheduling/config/spring-task-4.0.xsd, http://www.springframework.org/schema/tool/spring-tool-3.0.xsd=org/springframework/beans/factory/xml/spring-tool-3.0.xsd, http://www.springframework.org/schema/tx/spring-tx-4.0.xsd=org/springframework/transaction/config/spring-tx-4.0.xsd, http://www.springframework.org/schema/aop/spring-aop-2.0.xsd=org/springframework/aop/config/spring-aop-2.0.xsd, http://www.springframework.org/schema/jee/spring-jee-3.0.xsd=org/springframework/ejb/config/spring-jee-3.0.xsd, http://www.springframework.org/schema/task/spring-task-3.1.xsd=org/springframework/scheduling/config/spring-task-3.1.xsd, http://www.springframework.org/schema/util/spring-util-4.1.xsd=org/springframework/beans/factory/xml/spring-util-4.1.xsd, http://www.springframework.org/schema/beans/spring-beans-3.0.xsd=org/springframework/beans/factory/xml/spring-beans-3.0.xsd, http://www.springframework.org/schema/jee/spring-jee.xsd=org/springframework/ejb/config/spring-jee-4.3.xsd, http://www.springframework.org/schema/aop/spring-aop-2.5.xsd=org/springframework/aop/config/spring-aop-2.5.xsd, http://www.springframework.org/schema/aop/spring-aop-4.3.xsd=org/springframework/aop/config/spring-aop-4.3.xsd, http://www.springframework.org/schema/lang/spring-lang-2.0.xsd=org/springframework/scripting/config/spring-lang-2.0.xsd, http://www.springframework.org/schema/jdbc/spring-jdbc-4.3.xsd=org/springframework/jdbc/config/spring-jdbc-4.3.xsd, http://www.springframework.org/schema/mvc/spring-mvc-4.3.xsd=org/springframework/web/servlet/config/spring-mvc-4.3.xsd, http://www.springframework.org/schema/util/spring-util-3.2.xsd=org/springframework/beans/factory/xml/spring-util-3.2.xsd, http://www.springframework.org/schema/task/spring-task.xsd=org/springframework/scheduling/config/spring-task-4.3.xsd, http://www.springframework.org/schema/tool/spring-tool-2.0.xsd=org/springframework/beans/factory/xml/spring-tool-2.0.xsd, http://www.springframework.org/schema/tx/spring-tx-3.0.xsd=org/springframework/transaction/config/spring-tx-3.0.xsd, http://www.springframework.org/schema/lang/spring-lang-4.3.xsd=org/springframework/scripting/config/spring-lang-4.3.xsd, http://www.springframework.org/schema/lang/spring-lang-2.5.xsd=org/springframework/scripting/config/spring-lang-2.5.xsd, http://www.springframework.org/schema/context/spring-context-4.2.xsd=org/springframework/context/config/spring-context-4.2.xsd, http://www.springframework.org/schema/jee/spring-jee-2.0.xsd=org/springframework/ejb/config/spring-jee-2.0.xsd, http://www.springframework.org/schema/tool/spring-tool-4.3.xsd=org/springframework/beans/factory/xml/spring-tool-4.3.xsd, http://www.springframework.org/schema/tool/spring-tool-2.5.xsd=org/springframework/beans/factory/xml/spring-tool-2.5.xsd, http://www.springframework.org/schema/jee/spring-jee-4.3.xsd=org/springframework/ejb/config/spring-jee-4.3.xsd, http://www.springframework.org/schema/jee/spring-jee-2.5.xsd=org/springframework/ejb/config/spring-jee-2.5.xsd, http://www.springframework.org/schema/task/spring-task-3.0.xsd=org/springframework/scheduling/config/spring-task-3.0.xsd, http://www.springframework.org/schema/util/spring-util-4.0.xsd=org/springframework/beans/factory/xml/spring-util-4.0.xsd, http://www.springframework.org/schema/cache/spring-cache-4.3.xsd=org/springframework/cache/config/spring-cache-4.3.xsd, http://www.springframework.org/schema/aop/spring-aop-4.2.xsd=org/springframework/aop/config/spring-aop-4.2.xsd, http://www.springframework.org/schema/lang/spring-lang.xsd=org/springframework/scripting/config/spring-lang-4.3.xsd, http://www.springframework.org/schema/context/spring-context-3.2.xsd=org/springframework/context/config/spring-context-3.2.xsd, http://www.springframework.org/schema/jdbc/spring-jdbc-4.2.xsd=org/springframework/jdbc/config/spring-jdbc-4.2.xsd, http://www.springframework.org/schema/mvc/spring-mvc-4.2.xsd=org/springframework/web/servlet/config/spring-mvc-4.2.xsd, http://www.springframework.org/schema/util/spring-util-3.1.xsd=org/springframework/beans/factory/xml/spring-util-3.1.xsd, http://www.springframework.org/schema/beans/spring-beans-2.0.xsd=org/springframework/beans/factory/xml/spring-beans-2.0.xsd, http://www.springframework.org/schema/cache/spring-cache.xsd=org/springframework/cache/config/spring-cache-4.3.xsd, http://www.springframework.org/schema/tx/spring-tx.xsd=org/springframework/transaction/config/spring-tx-4.3.xsd, http://www.springframework.org/schema/lang/spring-lang-4.2.xsd=org/springframework/scripting/config/spring-lang-4.2.xsd, http://www.springframework.org/schema/context/spring-context-4.1.xsd=org/springframework/context/config/spring-context-4.1.xsd, http://www.springframework.org/schema/beans/spring-beans-2.5.xsd=org/springframework/beans/factory/xml/spring-beans-2.5.xsd, http://www.springframework.org/schema/beans/spring-beans-4.3.xsd=org/springframework/beans/factory/xml/spring-beans-4.3.xsd, http://www.springframework.org/schema/tool/spring-tool-4.2.xsd=org/springframework/beans/factory/xml/spring-tool-4.2.xsd, http://www.springframework.org/schema/tx/spring-tx-2.0.xsd=org/springframework/transaction/config/spring-tx-2.0.xsd, http://www.alibaba.com/schema/stat.xsd=META-INF/stat.xsd, http://www.springframework.org/schema/jee/spring-jee-4.2.xsd=org/springframework/ejb/config/spring-jee-4.2.xsd, http://www.springframework.org/schema/jdbc/spring-jdbc-3.2.xsd=org/springframework/jdbc/config/spring-jdbc-3.2.xsd, http://www.springframework.org/schema/task/spring-task-4.3.xsd=org/springframework/scheduling/config/spring-task-4.3.xsd, http://www.springframework.org/schema/aop/spring-aop.xsd=org/springframework/aop/config/spring-aop-4.3.xsd}
DEBUG [main] - Found XML schema [http://www.springframework.org/schema/beans/spring-beans.xsd] in classpath: org/springframework/beans/factory/xml/spring-beans-4.3.xsd
DEBUG [main] - Found XML schema [http://www.springframework.org/schema/context/spring-context.xsd] in classpath: org/springframework/context/config/spring-context-4.3.xsd
DEBUG [main] - Found XML schema [http://www.springframework.org/schema/tool/spring-tool-4.3.xsd] in classpath: org/springframework/beans/factory/xml/spring-tool-4.3.xsd
DEBUG [main] - Loading bean definitions
DEBUG [main] - Loaded NamespaceHandler mappings: {http://www.springframework.org/schema/p=org.springframework.beans.factory.xml.SimplePropertyNamespaceHandler, http://www.springframework.org/schema/mvc=org.springframework.web.servlet.config.MvcNamespaceHandler, http://www.springframework.org/schema/util=org.springframework.beans.factory.xml.UtilNamespaceHandler, http://www.alibaba.com/schema/stat=com.alibaba.druid.support.spring.stat.config.DruidStatNamespaceHandler, http://www.springframework.org/schema/jee=org.springframework.ejb.config.JeeNamespaceHandler, http://www.springframework.org/schema/aop=org.springframework.aop.config.AopNamespaceHandler, http://www.springframework.org/schema/jdbc=org.springframework.jdbc.config.JdbcNamespaceHandler, http://www.springframework.org/schema/cache=org.springframework.cache.config.CacheNamespaceHandler, http://mybatis.org/schema/mybatis-spring=org.mybatis.spring.config.NamespaceHandler, http://www.springframework.org/schema/c=org.springframework.beans.factory.xml.SimpleConstructorNamespaceHandler, http://www.springframework.org/schema/tx=org.springframework.transaction.config.TxNamespaceHandler, http://www.springframework.org/schema/task=org.springframework.scheduling.config.TaskNamespaceHandler, http://www.springframework.org/schema/lang=org.springframework.scripting.config.LangNamespaceHandler, http://www.springframework.org/schema/context=org.springframework.context.config.ContextNamespaceHandler}
DEBUG [main] - Resolved classpath location [cn/mrx/service/] to resources [URL [file:/D:/JAVA/Workspaces/workspace_sts/sbt/target/classes/cn/mrx/service/]]
DEBUG [main] - Looking for matching resources in directory tree [D:\JAVA\Workspaces\workspace_sts\sbt\target\classes\cn\mrx\service]
DEBUG [main] - Searching directory [D:\JAVA\Workspaces\workspace_sts\sbt\target\classes\cn\mrx\service] for files matching pattern [D:/JAVA/Workspaces/workspace_sts/sbt/target/classes/cn/mrx/service/**/*.class]
DEBUG [main] - Searching directory [D:\JAVA\Workspaces\workspace_sts\sbt\target\classes\cn\mrx\service\impl] for files matching pattern [D:/JAVA/Workspaces/workspace_sts/sbt/target/classes/cn/mrx/service/**/*.class]
DEBUG [main] - Resolved location pattern [classpath*:cn/mrx/service/**/*.class] to resources [file [D:\JAVA\Workspaces\workspace_sts\sbt\target\classes\cn\mrx\service\IBusService.class], file [D:\JAVA\Workspaces\workspace_sts\sbt\target\classes\cn\mrx\service\IConfigureService.class], file [D:\JAVA\Workspaces\workspace_sts\sbt\target\classes\cn\mrx\service\IMessageService.class], file [D:\JAVA\Workspaces\workspace_sts\sbt\target\classes\cn\mrx\service\impl\BusServiceImpl.class], file [D:\JAVA\Workspaces\workspace_sts\sbt\target\classes\cn\mrx\service\impl\ConfigureServiceImpl.class], file [D:\JAVA\Workspaces\workspace_sts\sbt\target\classes\cn\mrx\service\impl\OrderServiceImpl.class], file [D:\JAVA\Workspaces\workspace_sts\sbt\target\classes\cn\mrx\service\impl\RiderServiceImpl.class], file [D:\JAVA\Workspaces\workspace_sts\sbt\target\classes\cn\mrx\service\impl\UserServiceImpl.class], file [D:\JAVA\Workspaces\workspace_sts\sbt\target\classes\cn\mrx\service\IOrderService.class], file [D:\JAVA\Workspaces\workspace_sts\sbt\target\classes\cn\mrx\service\IRiderService.class], file [D:\JAVA\Workspaces\workspace_sts\sbt\target\classes\cn\mrx\service\IUserService.class], file [D:\JAVA\Workspaces\workspace_sts\sbt\target\classes\cn\mrx\service\MessageServiceImpl.class]]
DEBUG [main] - Identified candidate component class: file [D:\JAVA\Workspaces\workspace_sts\sbt\target\classes\cn\mrx\service\impl\BusServiceImpl.class]
DEBUG [main] - Identified candidate component class: file [D:\JAVA\Workspaces\workspace_sts\sbt\target\classes\cn\mrx\service\impl\ConfigureServiceImpl.class]
DEBUG [main] - Identified candidate component class: file [D:\JAVA\Workspaces\workspace_sts\sbt\target\classes\cn\mrx\service\impl\OrderServiceImpl.class]
DEBUG [main] - Identified candidate component class: file [D:\JAVA\Workspaces\workspace_sts\sbt\target\classes\cn\mrx\service\impl\RiderServiceImpl.class]
DEBUG [main] - Identified candidate component class: file [D:\JAVA\Workspaces\workspace_sts\sbt\target\classes\cn\mrx\service\impl\UserServiceImpl.class]
DEBUG [main] - Identified candidate component class: file [D:\JAVA\Workspaces\workspace_sts\sbt\target\classes\cn\mrx\service\MessageServiceImpl.class]
DEBUG [main] - Loaded 12 bean definitions from location pattern [classpath:applicationContext-service.xml]
 INFO [main] - Loading XML bean definitions from class path resource [applicationContext-dao.xml]
DEBUG [main] - Using JAXP provider [com.sun.org.apache.xerces.internal.jaxp.DocumentBuilderFactoryImpl]
DEBUG [main] - Found XML schema [http://www.springframework.org/schema/beans/spring-beans.xsd] in classpath: org/springframework/beans/factory/xml/spring-beans-4.3.xsd
DEBUG [main] - Found XML schema [http://www.springframework.org/schema/context/spring-context.xsd] in classpath: org/springframework/context/config/spring-context-4.3.xsd
DEBUG [main] - Found XML schema [http://www.springframework.org/schema/tool/spring-tool-4.3.xsd] in classpath: org/springframework/beans/factory/xml/spring-tool-4.3.xsd
DEBUG [main] - Loading bean definitions
DEBUG [main] - Neither XML &apos;id&apos; nor &apos;name&apos; specified - using generated bean name [org.mybatis.spring.mapper.MapperScannerConfigurer#0]
DEBUG [main] - Loaded 4 bean definitions from location pattern [classpath:applicationContext-dao.xml]
 INFO [main] - Refreshing org.springframework.context.support.GenericApplicationContext@1caedad: startup date [Wed Nov 23 12:23:50 CST 2016]; root of context hierarchy
DEBUG [main] - Bean factory for org.springframework.context.support.GenericApplicationContext@1caedad: org.springframework.beans.factory.support.DefaultListableBeanFactory@165f390: defining beans [busServiceImpl,configureServiceImpl,orderServiceImpl,riderServiceImpl,userServiceImpl,messageServiceImpl,org.springframework.context.annotation.internalConfigurationAnnotationProcessor,org.springframework.context.annotation.internalAutowiredAnnotationProcessor,org.springframework.context.annotation.internalRequiredAnnotationProcessor,org.springframework.context.annotation.internalCommonAnnotationProcessor,org.springframework.context.event.internalEventListenerProcessor,org.springframework.context.event.internalEventListenerFactory,org.springframework.context.support.PropertySourcesPlaceholderConfigurer#0,dataSource,sqlSessionFactory,org.mybatis.spring.mapper.MapperScannerConfigurer#0]; root of factory hierarchy
DEBUG [main] - Creating shared instance of singleton bean &apos;org.springframework.context.annotation.internalConfigurationAnnotationProcessor&apos;
DEBUG [main] - Creating instance of bean &apos;org.springframework.context.annotation.internalConfigurationAnnotationProcessor&apos;
DEBUG [main] - Eagerly caching bean &apos;org.springframework.context.annotation.internalConfigurationAnnotationProcessor&apos; to allow for resolving potential circular references
DEBUG [main] - Finished creating instance of bean &apos;org.springframework.context.annotation.internalConfigurationAnnotationProcessor&apos;
DEBUG [main] - Creating shared instance of singleton bean &apos;org.mybatis.spring.mapper.MapperScannerConfigurer#0&apos;
DEBUG [main] - Creating instance of bean &apos;org.mybatis.spring.mapper.MapperScannerConfigurer#0&apos;
DEBUG [main] - Eagerly caching bean &apos;org.mybatis.spring.mapper.MapperScannerConfigurer#0&apos; to allow for resolving potential circular references
DEBUG [main] - Invoking afterPropertiesSet() on bean with name &apos;org.mybatis.spring.mapper.MapperScannerConfigurer#0&apos;
DEBUG [main] - Finished creating instance of bean &apos;org.mybatis.spring.mapper.MapperScannerConfigurer#0&apos;
DEBUG [main] - Adding [systemProperties] PropertySource with lowest search precedence
DEBUG [main] - Adding [systemEnvironment] PropertySource with lowest search precedence
DEBUG [main] - Initialized StandardEnvironment with PropertySources [systemProperties,systemEnvironment]
DEBUG [main] - Resolved classpath location [cn/mrx/mapper/] to resources [URL [file:/D:/JAVA/Workspaces/workspace_sts/sbt/target/classes/cn/mrx/mapper/]]
DEBUG [main] - Looking for matching resources in directory tree [D:\JAVA\Workspaces\workspace_sts\sbt\target\classes\cn\mrx\mapper]
DEBUG [main] - Searching directory [D:\JAVA\Workspaces\workspace_sts\sbt\target\classes\cn\mrx\mapper] for files matching pattern [D:/JAVA/Workspaces/workspace_sts/sbt/target/classes/cn/mrx/mapper/**/*.class]
DEBUG [main] - Resolved location pattern [classpath*:cn/mrx/mapper/**/*.class] to resources [file [D:\JAVA\Workspaces\workspace_sts\sbt\target\classes\cn\mrx\mapper\BusMapper.class], file [D:\JAVA\Workspaces\workspace_sts\sbt\target\classes\cn\mrx\mapper\ConfigureMapper.class], file [D:\JAVA\Workspaces\workspace_sts\sbt\target\classes\cn\mrx\mapper\MessageMapper.class], file [D:\JAVA\Workspaces\workspace_sts\sbt\target\classes\cn\mrx\mapper\OrderMapper.class], file [D:\JAVA\Workspaces\workspace_sts\sbt\target\classes\cn\mrx\mapper\RiderMapper.class], file [D:\JAVA\Workspaces\workspace_sts\sbt\target\classes\cn\mrx\mapper\UserMapper.class]]
DEBUG [main] - Identified candidate component class: file [D:\JAVA\Workspaces\workspace_sts\sbt\target\classes\cn\mrx\mapper\BusMapper.class]
DEBUG [main] - Identified candidate component class: file [D:\JAVA\Workspaces\workspace_sts\sbt\target\classes\cn\mrx\mapper\ConfigureMapper.class]
DEBUG [main] - Identified candidate component class: file [D:\JAVA\Workspaces\workspace_sts\sbt\target\classes\cn\mrx\mapper\MessageMapper.class]
DEBUG [main] - Identified candidate component class: file [D:\JAVA\Workspaces\workspace_sts\sbt\target\classes\cn\mrx\mapper\OrderMapper.class]
DEBUG [main] - Identified candidate component class: file [D:\JAVA\Workspaces\workspace_sts\sbt\target\classes\cn\mrx\mapper\RiderMapper.class]
DEBUG [main] - Identified candidate component class: file [D:\JAVA\Workspaces\workspace_sts\sbt\target\classes\cn\mrx\mapper\UserMapper.class]
DEBUG [main] - Creating MapperFactoryBean with name &apos;busMapper&apos; and &apos;cn.mrx.mapper.BusMapper&apos; mapperInterface
DEBUG [main] - Creating MapperFactoryBean with name &apos;configureMapper&apos; and &apos;cn.mrx.mapper.ConfigureMapper&apos; mapperInterface
DEBUG [main] - Creating MapperFactoryBean with name &apos;messageMapper&apos; and &apos;cn.mrx.mapper.MessageMapper&apos; mapperInterface
DEBUG [main] - Creating MapperFactoryBean with name &apos;orderMapper&apos; and &apos;cn.mrx.mapper.OrderMapper&apos; mapperInterface
DEBUG [main] - Creating MapperFactoryBean with name &apos;riderMapper&apos; and &apos;cn.mrx.mapper.RiderMapper&apos; mapperInterface
DEBUG [main] - Creating MapperFactoryBean with name &apos;userMapper&apos; and &apos;cn.mrx.mapper.UserMapper&apos; mapperInterface
DEBUG [main] - Creating shared instance of singleton bean &apos;org.springframework.context.support.PropertySourcesPlaceholderConfigurer#0&apos;
DEBUG [main] - Creating instance of bean &apos;org.springframework.context.support.PropertySourcesPlaceholderConfigurer#0&apos;
DEBUG [main] - Eagerly caching bean &apos;org.springframework.context.support.PropertySourcesPlaceholderConfigurer#0&apos; to allow for resolving potential circular references
DEBUG [main] - Finished creating instance of bean &apos;org.springframework.context.support.PropertySourcesPlaceholderConfigurer#0&apos;
DEBUG [main] - Adding [environmentProperties] PropertySource with lowest search precedence
 INFO [main] - Loading properties file from class path resource [db.properties]
DEBUG [main] - Adding [localProperties] PropertySource with lowest search precedence
DEBUG [main] - Could not find key &apos;db.url&apos; in any property source
DEBUG [main] - Found key &apos;db.url&apos; in [localProperties] with type [String]
DEBUG [main] - Could not find key &apos;db.username&apos; in any property source
DEBUG [main] - Found key &apos;db.username&apos; in [localProperties] with type [String]
DEBUG [main] - Could not find key &apos;db.password&apos; in any property source
DEBUG [main] - Found key &apos;db.password&apos; in [localProperties] with type [String]
DEBUG [main] - Creating shared instance of singleton bean &apos;org.springframework.context.annotation.internalAutowiredAnnotationProcessor&apos;
DEBUG [main] - Creating instance of bean &apos;org.springframework.context.annotation.internalAutowiredAnnotationProcessor&apos;
DEBUG [main] - Eagerly caching bean &apos;org.springframework.context.annotation.internalAutowiredAnnotationProcessor&apos; to allow for resolving potential circular references
DEBUG [main] - Finished creating instance of bean &apos;org.springframework.context.annotation.internalAutowiredAnnotationProcessor&apos;
DEBUG [main] - Creating shared instance of singleton bean &apos;org.springframework.context.annotation.internalRequiredAnnotationProcessor&apos;
DEBUG [main] - Creating instance of bean &apos;org.springframework.context.annotation.internalRequiredAnnotationProcessor&apos;
DEBUG [main] - Eagerly caching bean &apos;org.springframework.context.annotation.internalRequiredAnnotationProcessor&apos; to allow for resolving potential circular references
DEBUG [main] - Finished creating instance of bean &apos;org.springframework.context.annotation.internalRequiredAnnotationProcessor&apos;
DEBUG [main] - Creating shared instance of singleton bean &apos;org.springframework.context.annotation.internalCommonAnnotationProcessor&apos;
DEBUG [main] - Creating instance of bean &apos;org.springframework.context.annotation.internalCommonAnnotationProcessor&apos;
DEBUG [main] - Eagerly caching bean &apos;org.springframework.context.annotation.internalCommonAnnotationProcessor&apos; to allow for resolving potential circular references
DEBUG [main] - Finished creating instance of bean &apos;org.springframework.context.annotation.internalCommonAnnotationProcessor&apos;
DEBUG [main] - Creating shared instance of singleton bean &apos;org.springframework.context.annotation.ConfigurationClassPostProcessor.importAwareProcessor&apos;
DEBUG [main] - Creating instance of bean &apos;org.springframework.context.annotation.ConfigurationClassPostProcessor.importAwareProcessor&apos;
DEBUG [main] - Eagerly caching bean &apos;org.springframework.context.annotation.ConfigurationClassPostProcessor.importAwareProcessor&apos; to allow for resolving potential circular references
DEBUG [main] - Finished creating instance of bean &apos;org.springframework.context.annotation.ConfigurationClassPostProcessor.importAwareProcessor&apos;
DEBUG [main] - Creating shared instance of singleton bean &apos;org.springframework.context.annotation.ConfigurationClassPostProcessor.enhancedConfigurationProcessor&apos;
DEBUG [main] - Creating instance of bean &apos;org.springframework.context.annotation.ConfigurationClassPostProcessor.enhancedConfigurationProcessor&apos;
DEBUG [main] - Eagerly caching bean &apos;org.springframework.context.annotation.ConfigurationClassPostProcessor.enhancedConfigurationProcessor&apos; to allow for resolving potential circular references
DEBUG [main] - Finished creating instance of bean &apos;org.springframework.context.annotation.ConfigurationClassPostProcessor.enhancedConfigurationProcessor&apos;
DEBUG [main] - Unable to locate MessageSource with name &apos;messageSource&apos;: using default [org.springframework.context.support.DelegatingMessageSource@bd8be5]
DEBUG [main] - Unable to locate ApplicationEventMulticaster with name &apos;applicationEventMulticaster&apos;: using default [org.springframework.context.event.SimpleApplicationEventMulticaster@10d2164]
DEBUG [main] - Pre-instantiating singletons in org.springframework.beans.factory.support.DefaultListableBeanFactory@165f390: defining beans [busServiceImpl,configureServiceImpl,orderServiceImpl,riderServiceImpl,userServiceImpl,messageServiceImpl,org.springframework.context.annotation.internalConfigurationAnnotationProcessor,org.springframework.context.annotation.internalAutowiredAnnotationProcessor,org.springframework.context.annotation.internalRequiredAnnotationProcessor,org.springframework.context.annotation.internalCommonAnnotationProcessor,org.springframework.context.event.internalEventListenerProcessor,org.springframework.context.event.internalEventListenerFactory,org.springframework.context.support.PropertySourcesPlaceholderConfigurer#0,dataSource,sqlSessionFactory,org.mybatis.spring.mapper.MapperScannerConfigurer#0,org.springframework.context.annotation.ConfigurationClassPostProcessor.importAwareProcessor,org.springframework.context.annotation.ConfigurationClassPostProcessor.enhancedConfigurationProcessor,busMapper,configureMapper,messageMapper,orderMapper,riderMapper,userMapper]; root of factory hierarchy
DEBUG [main] - Creating shared instance of singleton bean &apos;busServiceImpl&apos;
DEBUG [main] - Creating instance of bean &apos;busServiceImpl&apos;
DEBUG [main] - Registered injected element on class [cn.mrx.service.impl.BusServiceImpl]: AutowiredFieldElement for private cn.mrx.mapper.BusMapper cn.mrx.service.impl.BusServiceImpl.busMapper
DEBUG [main] - Eagerly caching bean &apos;busServiceImpl&apos; to allow for resolving potential circular references
DEBUG [main] - Processing injected element of bean &apos;busServiceImpl&apos;: AutowiredFieldElement for private cn.mrx.mapper.BusMapper cn.mrx.service.impl.BusServiceImpl.busMapper
DEBUG [main] - Creating shared instance of singleton bean &apos;busMapper&apos;
DEBUG [main] - Creating instance of bean &apos;busMapper&apos;
DEBUG [main] - Eagerly caching bean &apos;busMapper&apos; to allow for resolving potential circular references
DEBUG [main] - Creating shared instance of singleton bean &apos;sqlSessionFactory&apos;
DEBUG [main] - Creating instance of bean &apos;sqlSessionFactory&apos;
DEBUG [main] - Eagerly caching bean &apos;sqlSessionFactory&apos; to allow for resolving potential circular references
DEBUG [main] - Creating shared instance of singleton bean &apos;dataSource&apos;
DEBUG [main] - Creating instance of bean &apos;dataSource&apos;
DEBUG [main] - Eagerly caching bean &apos;dataSource&apos; to allow for resolving potential circular references
DEBUG [main] - Invoking init method  &apos;init&apos; on bean with name &apos;dataSource&apos;
 INFO [main] - {dataSource-3} inited
DEBUG [main] - Finished creating instance of bean &apos;dataSource&apos;
DEBUG [main] - Looking for matching resources in directory tree [D:\JAVA\Workspaces\workspace_sts\sbt\target\classes\cn\mrx\mapper]
DEBUG [main] - Searching directory [D:\JAVA\Workspaces\workspace_sts\sbt\target\classes\cn\mrx\mapper] for files matching pattern [D:/JAVA/Workspaces/workspace_sts/sbt/target/classes/cn/mrx/mapper/*.xml]
DEBUG [main] - Resolved location pattern [classpath:cn/mrx/mapper/*.xml] to resources []
DEBUG [main] - Invoking afterPropertiesSet() on bean with name &apos;sqlSessionFactory&apos;
DEBUG [main] - Property `configuration` or &apos;configLocation&apos; not specified, using default MyBatis Configuration
DEBUG [main] - Property &apos;mapperLocations&apos; was not specified or no matching resources found
DEBUG [main] - Finished creating instance of bean &apos;sqlSessionFactory&apos;
DEBUG [main] - Invoking afterPropertiesSet() on bean with name &apos;busMapper&apos;
DEBUG [main] - Finished creating instance of bean &apos;busMapper&apos;
DEBUG [main] - Autowiring by type from bean name &apos;busServiceImpl&apos; to bean named &apos;busMapper&apos;
DEBUG [main] - Finished creating instance of bean &apos;busServiceImpl&apos;
DEBUG [main] - Creating shared instance of singleton bean &apos;configureServiceImpl&apos;
DEBUG [main] - Creating instance of bean &apos;configureServiceImpl&apos;
DEBUG [main] - Registered injected element on class [cn.mrx.service.impl.ConfigureServiceImpl]: AutowiredFieldElement for private cn.mrx.mapper.ConfigureMapper cn.mrx.service.impl.ConfigureServiceImpl.configureMapper
DEBUG [main] - Eagerly caching bean &apos;configureServiceImpl&apos; to allow for resolving potential circular references
DEBUG [main] - Processing injected element of bean &apos;configureServiceImpl&apos;: AutowiredFieldElement for private cn.mrx.mapper.ConfigureMapper cn.mrx.service.impl.ConfigureServiceImpl.configureMapper
DEBUG [main] - Creating shared instance of singleton bean &apos;configureMapper&apos;
DEBUG [main] - Creating instance of bean &apos;configureMapper&apos;
DEBUG [main] - Eagerly caching bean &apos;configureMapper&apos; to allow for resolving potential circular references
DEBUG [main] - Returning cached instance of singleton bean &apos;sqlSessionFactory&apos;
DEBUG [main] - Invoking afterPropertiesSet() on bean with name &apos;configureMapper&apos;
DEBUG [main] - Finished creating instance of bean &apos;configureMapper&apos;
DEBUG [main] - Autowiring by type from bean name &apos;configureServiceImpl&apos; to bean named &apos;configureMapper&apos;
DEBUG [main] - Finished creating instance of bean &apos;configureServiceImpl&apos;
DEBUG [main] - Creating shared instance of singleton bean &apos;orderServiceImpl&apos;
DEBUG [main] - Creating instance of bean &apos;orderServiceImpl&apos;
DEBUG [main] - Registered injected element on class [cn.mrx.service.impl.OrderServiceImpl]: AutowiredFieldElement for private cn.mrx.mapper.OrderMapper cn.mrx.service.impl.OrderServiceImpl.orderMapper
DEBUG [main] - Eagerly caching bean &apos;orderServiceImpl&apos; to allow for resolving potential circular references
DEBUG [main] - Processing injected element of bean &apos;orderServiceImpl&apos;: AutowiredFieldElement for private cn.mrx.mapper.OrderMapper cn.mrx.service.impl.OrderServiceImpl.orderMapper
DEBUG [main] - Creating shared instance of singleton bean &apos;orderMapper&apos;
DEBUG [main] - Creating instance of bean &apos;orderMapper&apos;
DEBUG [main] - Eagerly caching bean &apos;orderMapper&apos; to allow for resolving potential circular references
DEBUG [main] - Returning cached instance of singleton bean &apos;sqlSessionFactory&apos;
DEBUG [main] - Invoking afterPropertiesSet() on bean with name &apos;orderMapper&apos;
DEBUG [main] - Finished creating instance of bean &apos;orderMapper&apos;
DEBUG [main] - Autowiring by type from bean name &apos;orderServiceImpl&apos; to bean named &apos;orderMapper&apos;
DEBUG [main] - Finished creating instance of bean &apos;orderServiceImpl&apos;
DEBUG [main] - Creating shared instance of singleton bean &apos;riderServiceImpl&apos;
DEBUG [main] - Creating instance of bean &apos;riderServiceImpl&apos;
DEBUG [main] - Registered injected element on class [cn.mrx.service.impl.RiderServiceImpl]: AutowiredFieldElement for private cn.mrx.mapper.RiderMapper cn.mrx.service.impl.RiderServiceImpl.riderMapper
DEBUG [main] - Eagerly caching bean &apos;riderServiceImpl&apos; to allow for resolving potential circular references
DEBUG [main] - Processing injected element of bean &apos;riderServiceImpl&apos;: AutowiredFieldElement for private cn.mrx.mapper.RiderMapper cn.mrx.service.impl.RiderServiceImpl.riderMapper
DEBUG [main] - Creating shared instance of singleton bean &apos;riderMapper&apos;
DEBUG [main] - Creating instance of bean &apos;riderMapper&apos;
DEBUG [main] - Eagerly caching bean &apos;riderMapper&apos; to allow for resolving potential circular references
DEBUG [main] - Returning cached instance of singleton bean &apos;sqlSessionFactory&apos;
DEBUG [main] - Invoking afterPropertiesSet() on bean with name &apos;riderMapper&apos;
DEBUG [main] - Finished creating instance of bean &apos;riderMapper&apos;
DEBUG [main] - Autowiring by type from bean name &apos;riderServiceImpl&apos; to bean named &apos;riderMapper&apos;
DEBUG [main] - Finished creating instance of bean &apos;riderServiceImpl&apos;
DEBUG [main] - Creating shared instance of singleton bean &apos;userServiceImpl&apos;
DEBUG [main] - Creating instance of bean &apos;userServiceImpl&apos;
DEBUG [main] - Registered injected element on class [cn.mrx.service.impl.UserServiceImpl]: AutowiredFieldElement for private cn.mrx.mapper.UserMapper cn.mrx.service.impl.UserServiceImpl.userMapper
DEBUG [main] - Eagerly caching bean &apos;userServiceImpl&apos; to allow for resolving potential circular references
DEBUG [main] - Processing injected element of bean &apos;userServiceImpl&apos;: AutowiredFieldElement for private cn.mrx.mapper.UserMapper cn.mrx.service.impl.UserServiceImpl.userMapper
DEBUG [main] - Creating shared instance of singleton bean &apos;userMapper&apos;
DEBUG [main] - Creating instance of bean &apos;userMapper&apos;
DEBUG [main] - Eagerly caching bean &apos;userMapper&apos; to allow for resolving potential circular references
DEBUG [main] - Returning cached instance of singleton bean &apos;sqlSessionFactory&apos;
DEBUG [main] - Invoking afterPropertiesSet() on bean with name &apos;userMapper&apos;
DEBUG [main] - Finished creating instance of bean &apos;userMapper&apos;
DEBUG [main] - Autowiring by type from bean name &apos;userServiceImpl&apos; to bean named &apos;userMapper&apos;
DEBUG [main] - Finished creating instance of bean &apos;userServiceImpl&apos;
DEBUG [main] - Creating shared instance of singleton bean &apos;messageServiceImpl&apos;
DEBUG [main] - Creating instance of bean &apos;messageServiceImpl&apos;
DEBUG [main] - Registered injected element on class [cn.mrx.service.MessageServiceImpl]: AutowiredFieldElement for private cn.mrx.mapper.MessageMapper cn.mrx.service.MessageServiceImpl.messageMapper
DEBUG [main] - Eagerly caching bean &apos;messageServiceImpl&apos; to allow for resolving potential circular references
DEBUG [main] - Processing injected element of bean &apos;messageServiceImpl&apos;: AutowiredFieldElement for private cn.mrx.mapper.MessageMapper cn.mrx.service.MessageServiceImpl.messageMapper
DEBUG [main] - Creating shared instance of singleton bean &apos;messageMapper&apos;
DEBUG [main] - Creating instance of bean &apos;messageMapper&apos;
DEBUG [main] - Eagerly caching bean &apos;messageMapper&apos; to allow for resolving potential circular references
DEBUG [main] - Returning cached instance of singleton bean &apos;sqlSessionFactory&apos;
DEBUG [main] - Invoking afterPropertiesSet() on bean with name &apos;messageMapper&apos;
DEBUG [main] - Finished creating instance of bean &apos;messageMapper&apos;
DEBUG [main] - Autowiring by type from bean name &apos;messageServiceImpl&apos; to bean named &apos;messageMapper&apos;
DEBUG [main] - Finished creating instance of bean &apos;messageServiceImpl&apos;
DEBUG [main] - Returning cached instance of singleton bean &apos;org.springframework.context.annotation.internalConfigurationAnnotationProcessor&apos;
DEBUG [main] - Returning cached instance of singleton bean &apos;org.springframework.context.annotation.internalAutowiredAnnotationProcessor&apos;
DEBUG [main] - Returning cached instance of singleton bean &apos;org.springframework.context.annotation.internalRequiredAnnotationProcessor&apos;
DEBUG [main] - Returning cached instance of singleton bean &apos;org.springframework.context.annotation.internalCommonAnnotationProcessor&apos;
DEBUG [main] - Creating shared instance of singleton bean &apos;org.springframework.context.event.internalEventListenerProcessor&apos;
DEBUG [main] - Creating instance of bean &apos;org.springframework.context.event.internalEventListenerProcessor&apos;
DEBUG [main] - Eagerly caching bean &apos;org.springframework.context.event.internalEventListenerProcessor&apos; to allow for resolving potential circular references
DEBUG [main] - Finished creating instance of bean &apos;org.springframework.context.event.internalEventListenerProcessor&apos;
DEBUG [main] - Creating shared instance of singleton bean &apos;org.springframework.context.event.internalEventListenerFactory&apos;
DEBUG [main] - Creating instance of bean &apos;org.springframework.context.event.internalEventListenerFactory&apos;
DEBUG [main] - Eagerly caching bean &apos;org.springframework.context.event.internalEventListenerFactory&apos; to allow for resolving potential circular references
DEBUG [main] - Finished creating instance of bean &apos;org.springframework.context.event.internalEventListenerFactory&apos;
DEBUG [main] - Returning cached instance of singleton bean &apos;org.springframework.context.support.PropertySourcesPlaceholderConfigurer#0&apos;
DEBUG [main] - Returning cached instance of singleton bean &apos;dataSource&apos;
DEBUG [main] - Returning cached instance of singleton bean &apos;sqlSessionFactory&apos;
DEBUG [main] - Returning cached instance of singleton bean &apos;org.mybatis.spring.mapper.MapperScannerConfigurer#0&apos;
DEBUG [main] - Returning cached instance of singleton bean &apos;org.springframework.context.annotation.ConfigurationClassPostProcessor.importAwareProcessor&apos;
DEBUG [main] - Returning cached instance of singleton bean &apos;org.springframework.context.annotation.ConfigurationClassPostProcessor.enhancedConfigurationProcessor&apos;
DEBUG [main] - Returning cached instance of singleton bean &apos;busMapper&apos;
DEBUG [main] - Returning cached instance of singleton bean &apos;configureMapper&apos;
DEBUG [main] - Returning cached instance of singleton bean &apos;messageMapper&apos;
DEBUG [main] - Returning cached instance of singleton bean &apos;orderMapper&apos;
DEBUG [main] - Returning cached instance of singleton bean &apos;riderMapper&apos;
DEBUG [main] - Returning cached instance of singleton bean &apos;userMapper&apos;
DEBUG [main] - Returning cached instance of singleton bean &apos;org.springframework.context.event.internalEventListenerFactory&apos;
DEBUG [main] - Unable to locate LifecycleProcessor with name &apos;lifecycleProcessor&apos;: using default [org.springframework.context.support.DefaultLifecycleProcessor@c4cdb9]
DEBUG [main] - Returning cached instance of singleton bean &apos;lifecycleProcessor&apos;
DEBUG [main] - Returning cached instance of singleton bean &apos;sqlSessionFactory&apos;
DEBUG [main] - Could not find key &apos;spring.liveBeansView.mbeanDomain&apos; in any property source
DEBUG [main] - Storing ApplicationContext in cache under key [[MergedContextConfiguration@b2475a testClass = TestMybatis03, locations = &apos;{classpath:applicationContext-service.xml, classpath:applicationContext-dao.xml}&apos;, classes = &apos;{}&apos;, contextInitializerClasses = &apos;[]&apos;, activeProfiles = &apos;{}&apos;, propertySourceLocations = &apos;{}&apos;, propertySourceProperties = &apos;{}&apos;, contextCustomizers = set[[empty]], contextLoader = &apos;org.springframework.test.context.support.DelegatingSmartContextLoader&apos;, parent = [null]]]
DEBUG [main] - Spring test ApplicationContext cache statistics: [DefaultContextCache@5b6f42 size = 1, maxSize = 32, parentContextCount = 0, hitCount = 0, missCount = 1]
DEBUG [main] - Processing injected element of bean &apos;cn.test.TestMybatis03&apos;: AutowiredFieldElement for cn.mrx.service.IUserService cn.test.TestMybatis03.userService
DEBUG [main] - Returning cached instance of singleton bean &apos;userServiceImpl&apos;
DEBUG [main] - Autowiring by type from bean name &apos;cn.test.TestMybatis03&apos; to bean named &apos;userServiceImpl&apos;
DEBUG [main] - Before test method: context [DefaultTestContext@10ab13f testClass = TestMybatis03, testInstance = cn.test.TestMybatis03@10f2942, testMethod = test1@TestMybatis03, testException = [null], mergedContextConfiguration = [MergedContextConfiguration@b2475a testClass = TestMybatis03, locations = &apos;{classpath:applicationContext-service.xml, classpath:applicationContext-dao.xml}&apos;, classes = &apos;{}&apos;, contextInitializerClasses = &apos;[]&apos;, activeProfiles = &apos;{}&apos;, propertySourceLocations = &apos;{}&apos;, propertySourceProperties = &apos;{}&apos;, contextCustomizers = set[[empty]], contextLoader = &apos;org.springframework.test.context.support.DelegatingSmartContextLoader&apos;, parent = [null]]], class annotated with @DirtiesContext [false] with mode [null], method annotated with @DirtiesContext [false] with mode [null].
DEBUG [main] - After test method: context [DefaultTestContext@10ab13f testClass = TestMybatis03, testInstance = cn.test.TestMybatis03@10f2942, testMethod = test1@TestMybatis03, testException = org.apache.ibatis.binding.BindingException: Invalid bound statement (not found): cn.mrx.mapper.UserMapper.selectByPrimaryKey, mergedContextConfiguration = [MergedContextConfiguration@b2475a testClass = TestMybatis03, locations = &apos;{classpath:applicationContext-service.xml, classpath:applicationContext-dao.xml}&apos;, classes = &apos;{}&apos;, contextInitializerClasses = &apos;[]&apos;, activeProfiles = &apos;{}&apos;, propertySourceLocations = &apos;{}&apos;, propertySourceProperties = &apos;{}&apos;, contextCustomizers = set[[empty]], contextLoader = &apos;org.springframework.test.context.support.DelegatingSmartContextLoader&apos;, parent = [null]]], class annotated with @DirtiesContext [false] with mode [null], method annotated with @DirtiesContext [false] with mode [null].
</system-out>
  </testcase>
</testsuite>